[INFO] Scanning for projects...
[INFO] 
[INFO] ------------< com.complianceaudit:compliance-audit-service >------------
[INFO] Building compliance-audit-service 1.0.0
[INFO]   from pom.xml
[INFO] --------------------------------[ jar ]---------------------------------
[INFO] 
[INFO] >>> spring-boot:4.0.3:run (default-cli) > test-compile @ compliance-audit-service >>>
[INFO] 
[INFO] --- resources:3.3.1:resources (default-resources) @ compliance-audit-service ---
[INFO] Copying 1 resource from src\main\resources to target\classes
[INFO] Copying 0 resource from src\main\resources to target\classes
[INFO] 
[INFO] --- compiler:3.14.1:compile (default-compile) @ compliance-audit-service ---
[INFO] Nothing to compile - all classes are up to date.
[INFO] 
[INFO] --- resources:3.3.1:testResources (default-testResources) @ compliance-audit-service ---
[INFO] skip non existing resourceDirectory C:\Users\swarnendu maity\Documents\IntenrWork\BuildLedger\compliance-audit-service\src\test\resources
[INFO] 
[INFO] --- compiler:3.14.1:testCompile (default-testCompile) @ compliance-audit-service ---
[INFO] No sources to compile
[INFO] 
[INFO] <<< spring-boot:4.0.3:run (default-cli) < test-compile @ compliance-audit-service <<<
[INFO] 
[INFO] 
[INFO] --- spring-boot:4.0.3:run (default-cli) @ compliance-audit-service ---
[INFO] Attaching agents: []

  .   ____          _            __ _ _
 /\\ / ___'_ __ _ _(_)_ __  __ _ \ \ \ \
( ( )\___ | '_ | '_| | '_ \/ _` | \ \ \ \
 \\/  ___)| |_)| | | | | || (_| |  ) ) ) )
  '  |____| .__|_| |_|_| |_\__, | / / / /
 =========|_|==============|___/=/_/_/_/

 :: Spring Boot ::                (v4.0.3)

2026-03-17T23:35:48.390+05:30  INFO 17348 --- [compliance-audit-service] [           main] c.c.ComplianceAuditApplication           : Starting ComplianceAuditApplication using Java 20.0.2 with PID 17348 (C:\Users\swarnendu maity\Documents\IntenrWork\BuildLedger\compliance-audit-service\target\classes started by swarnendu maity in C:\Users\swarnendu maity\Documents\IntenrWork\BuildLedger\compliance-audit-service)
2026-03-17T23:35:48.405+05:30  INFO 17348 --- [compliance-audit-service] [           main] c.c.ComplianceAuditApplication           : No active profile set, falling back to 1 default profile: "default"
2026-03-17T23:35:57.727+05:30  INFO 17348 --- [compliance-audit-service] [           main] .s.d.r.c.RepositoryConfigurationDelegate : Bootstrapping Spring Data JPA repositories in DEFAULT mode.
2026-03-17T23:35:59.199+05:30  INFO 17348 --- [compliance-audit-service] [           main] .s.d.r.c.RepositoryConfigurationDelegate : Finished Spring Data repository scanning in 1422 ms. Found 4 JPA repository interfaces.
2026-03-17T23:35:59.506+05:30  WARN 17348 --- [compliance-audit-service] [           main] ConfigServletWebServerApplicationContext : Exception encountered during context initialization - cancelling refresh attempt: java.lang.IllegalStateException: Failed to generate bean name for imported class 'org.springframework.cloud.autoconfigure.LifecycleMvcEndpointAutoConfiguration'
2026-03-17T23:35:59.527+05:30  INFO 17348 --- [compliance-audit-service] [           main] .s.b.a.l.ConditionEvaluationReportLogger : 

Error starting ApplicationContext. To display the condition evaluation report re-run your application with 'debug' enabled.
2026-03-17T23:35:59.590+05:30 ERROR 17348 --- [compliance-audit-service] [           main] o.s.boot.SpringApplication               : Application run failed

java.lang.IllegalStateException: Failed to generate bean name for imported class 'org.springframework.cloud.autoconfigure.LifecycleMvcEndpointAutoConfiguration'
	at org.springframework.context.annotation.ConfigurationClassBeanDefinitionReader.registerBeanDefinitionForImportedConfigurationClass(ConfigurationClassBeanDefinitionReader.java:172) ~[spring-context-7.0.5.jar:7.0.5]
	at org.springframework.context.annotation.ConfigurationClassBeanDefinitionReader.loadBeanDefinitionsForConfigurationClass(ConfigurationClassBeanDefinitionReader.java:145) ~[spring-context-7.0.5.jar:7.0.5]
	at org.springframework.context.annotation.ConfigurationClassBeanDefinitionReader.loadBeanDefinitions(ConfigurationClassBeanDefinitionReader.java:124) ~[spring-context-7.0.5.jar:7.0.5]
	at org.springframework.context.annotation.ConfigurationClassPostProcessor.processConfigBeanDefinitions(ConfigurationClassPostProcessor.java:458) ~[spring-context-7.0.5.jar:7.0.5]
	at org.springframework.context.annotation.ConfigurationClassPostProcessor.postProcessBeanDefinitionRegistry(ConfigurationClassPostProcessor.java:310) ~[spring-context-7.0.5.jar:7.0.5]
	at org.springframework.context.support.PostProcessorRegistrationDelegate.invokeBeanDefinitionRegistryPostProcessors(PostProcessorRegistrationDelegate.java:349) ~[spring-context-7.0.5.jar:7.0.5]
	at org.springframework.context.support.PostProcessorRegistrationDelegate.invokeBeanFactoryPostProcessors(PostProcessorRegistrationDelegate.java:118) ~[spring-context-7.0.5.jar:7.0.5]
	at org.springframework.context.support.AbstractApplicationContext.invokeBeanFactoryPostProcessors(AbstractApplicationContext.java:795) ~[spring-context-7.0.5.jar:7.0.5]
	at org.springframework.context.support.AbstractApplicationContext.refresh(AbstractApplicationContext.java:603) ~[spring-context-7.0.5.jar:7.0.5]
	at org.springframework.boot.web.server.servlet.context.ServletWebServerApplicationContext.refresh(ServletWebServerApplicationContext.java:143) ~[spring-boot-web-server-4.0.3.jar:4.0.3]
	at org.springframework.boot.SpringApplication.refresh(SpringApplication.java:756) ~[spring-boot-4.0.3.jar:4.0.3]
	at org.springframework.boot.SpringApplication.refreshContext(SpringApplication.java:445) ~[spring-boot-4.0.3.jar:4.0.3]
	at org.springframework.boot.SpringApplication.run(SpringApplication.java:321) ~[spring-boot-4.0.3.jar:4.0.3]
	at org.springframework.boot.SpringApplication.run(SpringApplication.java:1365) ~[spring-boot-4.0.3.jar:4.0.3]
	at org.springframework.boot.SpringApplication.run(SpringApplication.java:1354) ~[spring-boot-4.0.3.jar:4.0.3]
	at com.complianceaudit.ComplianceAuditApplication.main(ComplianceAuditApplication.java:11) ~[classes/:na]
Caused by: java.lang.IllegalArgumentException: Could not find class [org.springframework.boot.autoconfigure.web.servlet.WebMvcAutoConfiguration]
	at org.springframework.util.ClassUtils.resolveClassName(ClassUtils.java:353) ~[spring-core-7.0.5.jar:7.0.5]
	at org.springframework.core.annotation.TypeMappedAnnotation.adapt(TypeMappedAnnotation.java:451) ~[spring-core-7.0.5.jar:7.0.5]
	at org.springframework.core.annotation.TypeMappedAnnotation.getValue(TypeMappedAnnotation.java:384) ~[spring-core-7.0.5.jar:7.0.5]
	at org.springframework.core.annotation.TypeMappedAnnotation.asMap(TypeMappedAnnotation.java:273) ~[spring-core-7.0.5.jar:7.0.5]
	at org.springframework.core.annotation.AbstractMergedAnnotation.asAnnotationAttributes(AbstractMergedAnnotation.java:191) ~[spring-core-7.0.5.jar:7.0.5]
	at org.springframework.context.annotation.AnnotationBeanNameGenerator.determineBeanNameFromAnnotation(AnnotationBeanNameGenerator.java:143) ~[spring-context-7.0.5.jar:7.0.5]
	at org.springframework.context.annotation.AnnotationBeanNameGenerator.generateBeanName(AnnotationBeanNameGenerator.java:110) ~[spring-context-7.0.5.jar:7.0.5]
	at org.springframework.context.annotation.ConfigurationClassBeanDefinitionReader.registerBeanDefinitionForImportedConfigurationClass(ConfigurationClassBeanDefinitionReader.java:168) ~[spring-context-7.0.5.jar:7.0.5]
	... 15 common frames omitted
Caused by: java.lang.ClassNotFoundException: org.springframework.boot.autoconfigure.web.servlet.WebMvcAutoConfiguration
	at java.base/jdk.internal.loader.BuiltinClassLoader.loadClass(BuiltinClassLoader.java:641) ~[na:na]
	at java.base/jdk.internal.loader.ClassLoaders$AppClassLoader.loadClass(ClassLoaders.java:188) ~[na:na]
	at java.base/java.lang.ClassLoader.loadClass(ClassLoader.java:521) ~[na:na]
	at java.base/java.lang.Class.forName0(Native Method) ~[na:na]
	at java.base/java.lang.Class.forName(Class.java:496) ~[na:na]
	at java.base/java.lang.Class.forName(Class.java:475) ~[na:na]
	at org.springframework.util.ClassUtils.forName(ClassUtils.java:302) ~[spring-core-7.0.5.jar:7.0.5]
	at org.springframework.util.ClassUtils.resolveClassName(ClassUtils.java:343) ~[spring-core-7.0.5.jar:7.0.5]
	... 22 common frames omitted

[INFO] ------------------------------------------------------------------------
[INFO] BUILD FAILURE
[INFO] ------------------------------------------------------------------------
[INFO] Total time:  01:02 min
[INFO] Finished at: 2026-03-17T23:35:59+05:30
[INFO] ------------------------------------------------------------------------
[ERROR] Failed to execute goal org.springframework.boot:spring-boot-maven-plugin:4.0.3:run (default-cli) on project compliance-audit-service: Process terminated with exit code: 1 -> [Help 1]
[ERROR] 
[ERROR] To see the full stack trace of the errors, re-run Maven with the -e switch.
[ERROR] Re-run Maven using the -X switch to enable full debug logging.
[ERROR] 
[ERROR] For more information about the errors and possible solutions, please read the following articles:
[ERROR] [Help 1] http://cwiki.apache.org/confluence/display/MAVEN/MojoExecutionException
